[debug] [2024-04-13T06:58:14.629Z] ----------------------------------------------------------------------
[debug] [2024-04-13T06:58:14.633Z] ----------------------------------------------------------------------
[debug] [2024-04-13T06:58:14.634Z] Command:       C:\Program Files\nodejs\node.exe C:\Users\Padmachandana N\AppData\Roaming\npm\node_modules\firebase-tools\lib\bin\firebase.js apps:sdkconfig android 1:790912195650:android:bbddff4dd2fb18a4a221db --json
[debug] [2024-04-13T06:58:14.635Z] CLI Version:   13.7.2
[debug] [2024-04-13T06:58:14.635Z] Platform:      win32
[debug] [2024-04-13T06:58:14.636Z] Node Version:  v18.14.0
[debug] [2024-04-13T06:58:14.637Z] Time:          Sat Apr 13 2024 12:28:14 GMT+0530 (India Standard Time)
[debug] [2024-04-13T06:58:14.638Z] Command:       C:\Program Files\nodejs\node.exe C:\Users\Padmachandana N\AppData\Roaming\npm\node_modules\firebase-tools\lib\bin\firebase.js apps:sdkconfig ios 1:790912195650:ios:a44ec9164dcdbf7aa221db --json
[debug] [2024-04-13T06:58:14.638Z] CLI Version:   13.7.2
[debug] [2024-04-13T06:58:14.638Z] ----------------------------------------------------------------------
[debug] [2024-04-13T06:58:14.639Z] Platform:      win32
[debug] 
[debug] [2024-04-13T06:58:14.639Z] Node Version:  v18.14.0
[debug] [2024-04-13T06:58:14.789Z] Object "" in "firebase.json" has unknown property: {"additionalProperty":"flutter"}
[debug] [2024-04-13T06:58:14.640Z] Time:          Sat Apr 13 2024 12:28:14 GMT+0530 (India Standard Time)
[debug] [2024-04-13T06:58:14.797Z] > command requires scopes: ["email","openid","https://www.googleapis.com/auth/cloudplatformprojects.readonly","https://www.googleapis.com/auth/firebase","https://www.googleapis.com/auth/cloud-platform"]
[debug] [2024-04-13T06:58:14.641Z] ----------------------------------------------------------------------
[debug] [2024-04-13T06:58:14.799Z] > authorizing via signed-in user (meghana.n214@gmail.com)
[debug] 
[debug] [2024-04-13T06:58:14.806Z] > refreshing access token with scopes: []
[debug] [2024-04-13T06:58:14.798Z] Object "" in "firebase.json" has unknown property: {"additionalProperty":"flutter"}
[debug] [2024-04-13T06:58:14.810Z] >>> [apiv2][query] POST https://www.googleapis.com/oauth2/v3/token [none]
[debug] [2024-04-13T06:58:14.806Z] > command requires scopes: ["email","openid","https://www.googleapis.com/auth/cloudplatformprojects.readonly","https://www.googleapis.com/auth/firebase","https://www.googleapis.com/auth/cloud-platform"]
[debug] [2024-04-13T06:58:14.811Z] >>> [apiv2][body] POST https://www.googleapis.com/oauth2/v3/token [omitted]
[debug] [2024-04-13T06:58:14.806Z] > authorizing via signed-in user (meghana.n214@gmail.com)
[debug] [2024-04-13T06:58:14.812Z] > refreshing access token with scopes: []
[debug] [2024-04-13T06:58:14.816Z] >>> [apiv2][query] POST https://www.googleapis.com/oauth2/v3/token [none]
[debug] [2024-04-13T06:58:14.817Z] >>> [apiv2][body] POST https://www.googleapis.com/oauth2/v3/token [omitted]
[debug] [2024-04-13T06:58:14.666Z] ----------------------------------------------------------------------
[debug] [2024-04-13T06:58:14.669Z] Command:       C:\Program Files\nodejs\node.exe C:\Users\Padmachandana N\AppData\Roaming\npm\node_modules\firebase-tools\lib\bin\firebase.js apps:sdkconfig web 1:790912195650:web:d2370fa76901b1ffa221db --json
[debug] [2024-04-13T06:58:14.670Z] CLI Version:   13.7.2
[debug] [2024-04-13T06:58:14.671Z] Platform:      win32
[debug] [2024-04-13T06:58:14.672Z] Node Version:  v18.14.0
[debug] [2024-04-13T06:58:14.673Z] Time:          Sat Apr 13 2024 12:28:14 GMT+0530 (India Standard Time)
[debug] [2024-04-13T06:58:14.674Z] ----------------------------------------------------------------------
[debug] 
[debug] [2024-04-13T06:58:14.802Z] Object "" in "firebase.json" has unknown property: {"additionalProperty":"flutter"}
[debug] [2024-04-13T06:58:14.809Z] > command requires scopes: ["email","openid","https://www.googleapis.com/auth/cloudplatformprojects.readonly","https://www.googleapis.com/auth/firebase","https://www.googleapis.com/auth/cloud-platform"]
[debug] [2024-04-13T06:58:14.809Z] > authorizing via signed-in user (meghana.n214@gmail.com)
[debug] [2024-04-13T06:58:14.815Z] > refreshing access token with scopes: []
[debug] [2024-04-13T06:58:14.819Z] >>> [apiv2][query] POST https://www.googleapis.com/oauth2/v3/token [none]
[debug] [2024-04-13T06:58:14.819Z] >>> [apiv2][body] POST https://www.googleapis.com/oauth2/v3/token [omitted]
[debug] [2024-04-13T06:58:14.663Z] ----------------------------------------------------------------------
[debug] [2024-04-13T06:58:14.667Z] Command:       C:\Program Files\nodejs\node.exe C:\Users\Padmachandana N\AppData\Roaming\npm\node_modules\firebase-tools\lib\bin\firebase.js apps:sdkconfig ios 1:790912195650:ios:a44ec9164dcdbf7aa221db --json
[debug] [2024-04-13T06:58:14.668Z] CLI Version:   13.7.2
[debug] [2024-04-13T06:58:14.669Z] Platform:      win32
[debug] [2024-04-13T06:58:14.669Z] Node Version:  v18.14.0
[debug] [2024-04-13T06:58:14.671Z] Time:          Sat Apr 13 2024 12:28:14 GMT+0530 (India Standard Time)
[debug] [2024-04-13T06:58:14.671Z] ----------------------------------------------------------------------
[debug] 
[debug] [2024-04-13T06:58:14.804Z] Object "" in "firebase.json" has unknown property: {"additionalProperty":"flutter"}
[debug] [2024-04-13T06:58:14.813Z] > command requires scopes: ["email","openid","https://www.googleapis.com/auth/cloudplatformprojects.readonly","https://www.googleapis.com/auth/firebase","https://www.googleapis.com/auth/cloud-platform"]
[debug] [2024-04-13T06:58:14.814Z] > authorizing via signed-in user (meghana.n214@gmail.com)
[debug] [2024-04-13T06:58:14.819Z] > refreshing access token with scopes: []
[debug] [2024-04-13T06:58:14.822Z] >>> [apiv2][query] POST https://www.googleapis.com/oauth2/v3/token [none]
[debug] [2024-04-13T06:58:14.822Z] >>> [apiv2][body] POST https://www.googleapis.com/oauth2/v3/token [omitted]
[debug] [2024-04-13T06:58:15.197Z] <<< [apiv2][status] POST https://www.googleapis.com/oauth2/v3/token 200
[debug] [2024-04-13T06:58:15.197Z] <<< [apiv2][status] POST https://www.googleapis.com/oauth2/v3/token 200
[debug] [2024-04-13T06:58:15.200Z] <<< [apiv2][status] POST https://www.googleapis.com/oauth2/v3/token 200
[debug] [2024-04-13T06:58:15.200Z] <<< [apiv2][status] POST https://www.googleapis.com/oauth2/v3/token 200
[debug] [2024-04-13T06:58:15.197Z] <<< [apiv2][body] POST https://www.googleapis.com/oauth2/v3/token [omitted]
[debug] [2024-04-13T06:58:15.206Z] Authentication Error: Your credentials are no longer valid. Please run firebase login --reauth

For CI servers and headless environments, generate a new token with firebase login:ci
[debug] [2024-04-13T06:58:15.201Z] <<< [apiv2][body] POST https://www.googleapis.com/oauth2/v3/token [omitted]
[debug] [2024-04-13T06:58:15.212Z] Authentication Error: Your credentials are no longer valid. Please run firebase login --reauth

For CI servers and headless environments, generate a new token with firebase login:ci
[debug] [2024-04-13T06:58:15.201Z] <<< [apiv2][body] POST https://www.googleapis.com/oauth2/v3/token [omitted]
[debug] [2024-04-13T06:58:15.207Z] Authentication Error: Your credentials are no longer valid. Please run firebase login --reauth

For CI servers and headless environments, generate a new token with firebase login:ci
[debug] [2024-04-13T06:58:15.197Z] <<< [apiv2][body] POST https://www.googleapis.com/oauth2/v3/token [omitted]
[debug] [2024-04-13T06:58:15.212Z] Authentication Error: Your credentials are no longer valid. Please run firebase login --reauth

For CI servers and headless environments, generate a new token with firebase login:ci
[debug] [2024-04-13T06:58:15.356Z] FirebaseError: Authentication Error: Your credentials are no longer valid. Please run firebase login --reauth

For CI servers and headless environments, generate a new token with firebase login:ci
    at invalidCredentialError (C:\Users\Padmachandana N\AppData\Roaming\npm\node_modules\firebase-tools\lib\auth.js:142:12)
    at refreshTokens (C:\Users\Padmachandana N\AppData\Roaming\npm\node_modules\firebase-tools\lib\auth.js:515:15)
    at process.processTicksAndRejections (node:internal/process/task_queues:95:5)
    at async Client.getAccessToken (C:\Users\Padmachandana N\AppData\Roaming\npm\node_modules\firebase-tools\lib\apiv2.js:163:22)
    at async Client.addAuthHeader (C:\Users\Padmachandana N\AppData\Roaming\npm\node_modules\firebase-tools\lib\apiv2.js:154:21)
    at async Client.request (C:\Users\Padmachandana N\AppData\Roaming\npm\node_modules\firebase-tools\lib\apiv2.js:105:34)
    at async getAppConfig (C:\Users\Padmachandana N\AppData\Roaming\npm\node_modules\firebase-tools\lib\management\apps.js:205:26)
    at async Command.actionFn (C:\Users\Padmachandana N\AppData\Roaming\npm\node_modules\firebase-tools\lib\commands\apps-sdkconfig.js:70:22)
[debug] [2024-04-13T06:58:15.356Z] FirebaseError: Authentication Error: Your credentials are no longer valid. Please run firebase login --reauth

For CI servers and headless environments, generate a new token with firebase login:ci
    at invalidCredentialError (C:\Users\Padmachandana N\AppData\Roaming\npm\node_modules\firebase-tools\lib\auth.js:142:12)
    at refreshTokens (C:\Users\Padmachandana N\AppData\Roaming\npm\node_modules\firebase-tools\lib\auth.js:515:15)
    at process.processTicksAndRejections (node:internal/process/task_queues:95:5)
    at async Client.getAccessToken (C:\Users\Padmachandana N\AppData\Roaming\npm\node_modules\firebase-tools\lib\apiv2.js:163:22)
    at async Client.addAuthHeader (C:\Users\Padmachandana N\AppData\Roaming\npm\node_modules\firebase-tools\lib\apiv2.js:154:21)
    at async Client.request (C:\Users\Padmachandana N\AppData\Roaming\npm\node_modules\firebase-tools\lib\apiv2.js:105:34)
    at async getAppConfig (C:\Users\Padmachandana N\AppData\Roaming\npm\node_modules\firebase-tools\lib\management\apps.js:205:26)
    at async Command.actionFn (C:\Users\Padmachandana N\AppData\Roaming\npm\node_modules\firebase-tools\lib\commands\apps-sdkconfig.js:70:22)
[error] 
[error] Error: Failed to get IOS app configuration. See firebase-debug.log for more info.
[error] 
[error] Error: Failed to get IOS app configuration. See firebase-debug.log for more info.
[debug] [2024-04-13T06:58:15.373Z] FirebaseError: Authentication Error: Your credentials are no longer valid. Please run firebase login --reauth

For CI servers and headless environments, generate a new token with firebase login:ci
    at invalidCredentialError (C:\Users\Padmachandana N\AppData\Roaming\npm\node_modules\firebase-tools\lib\auth.js:142:12)
    at refreshTokens (C:\Users\Padmachandana N\AppData\Roaming\npm\node_modules\firebase-tools\lib\auth.js:515:15)
    at process.processTicksAndRejections (node:internal/process/task_queues:95:5)
    at async Client.getAccessToken (C:\Users\Padmachandana N\AppData\Roaming\npm\node_modules\firebase-tools\lib\apiv2.js:163:22)
    at async Client.addAuthHeader (C:\Users\Padmachandana N\AppData\Roaming\npm\node_modules\firebase-tools\lib\apiv2.js:154:21)
    at async Client.request (C:\Users\Padmachandana N\AppData\Roaming\npm\node_modules\firebase-tools\lib\apiv2.js:105:34)
    at async getAppConfig (C:\Users\Padmachandana N\AppData\Roaming\npm\node_modules\firebase-tools\lib\management\apps.js:205:26)
    at async Command.actionFn (C:\Users\Padmachandana N\AppData\Roaming\npm\node_modules\firebase-tools\lib\commands\apps-sdkconfig.js:70:22)
[error] 
[error] Error: Failed to get WEB app configuration. See firebase-debug.log for more info.
[debug] [2024-04-13T06:58:15.373Z] FirebaseError: Authentication Error: Your credentials are no longer valid. Please run firebase login --reauth

For CI servers and headless environments, generate a new token with firebase login:ci
    at invalidCredentialError (C:\Users\Padmachandana N\AppData\Roaming\npm\node_modules\firebase-tools\lib\auth.js:142:12)
    at refreshTokens (C:\Users\Padmachandana N\AppData\Roaming\npm\node_modules\firebase-tools\lib\auth.js:515:15)
    at process.processTicksAndRejections (node:internal/process/task_queues:95:5)
    at async Client.getAccessToken (C:\Users\Padmachandana N\AppData\Roaming\npm\node_modules\firebase-tools\lib\apiv2.js:163:22)
    at async Client.addAuthHeader (C:\Users\Padmachandana N\AppData\Roaming\npm\node_modules\firebase-tools\lib\apiv2.js:154:21)
    at async Client.request (C:\Users\Padmachandana N\AppData\Roaming\npm\node_modules\firebase-tools\lib\apiv2.js:105:34)
    at async getAppConfig (C:\Users\Padmachandana N\AppData\Roaming\npm\node_modules\firebase-tools\lib\management\apps.js:205:26)
    at async Command.actionFn (C:\Users\Padmachandana N\AppData\Roaming\npm\node_modules\firebase-tools\lib\commands\apps-sdkconfig.js:70:22)
[error] 
[error] Error: Failed to get ANDROID app configuration. See firebase-debug.log for more info.
[debug] [2024-04-13T06:58:15.669Z] Error: EPERM: operation not permitted, rename 'C:\Users\Padmachandana N\.config\configstore\firebase-tools.json.1834498477' -> 'C:\Users\Padmachandana N\.config\configstore\firebase-tools.json'
    at Object.renameSync (node:fs:1039:3)
    at Function.writeFileSync [as sync] (C:\Users\Padmachandana N\AppData\Roaming\npm\node_modules\firebase-tools\node_modules\write-file-atomic\index.js:244:8)
    at set all [as all] (C:\Users\Padmachandana N\AppData\Roaming\npm\node_modules\firebase-tools\node_modules\configstore\index.js:61:20)
    at Configstore.delete (C:\Users\Padmachandana N\AppData\Roaming\npm\node_modules\firebase-tools\node_modules\configstore\index.js:101:12)
    at process.<anonymous> (C:\Users\Padmachandana N\AppData\Roaming\npm\node_modules\firebase-tools\lib\bin\firebase.js:105:41)
    at process.emit (node:events:525:35)
    at process.exit (node:internal/process/per_thread:192:15)
    at Timeout._onTimeout (C:\Users\Padmachandana N\AppData\Roaming\npm\node_modules\firebase-tools\lib\errorOut.js:20:17)
    at listOnTimeout (node:internal/timers:569:17)
    at process.processTimers (node:internal/timers:512:7)
[error] 
[error] Error: An unexpected error has occurred.
